# JRE version: OpenJDK Runtime Environment Corretto-21.0.4.7.1 (21.0.4+7) (build 21.0.4+7-LTS)
# Java VM: OpenJDK 64-Bit Server VM Corretto-21.0.4.7.1 (21.0.4+7-LTS, mixed mode, emulated-client, sharing, tiered, compressed oops, compressed class ptrs, g1 gc, windows-amd64)
GC Precious Log:
 CardTable entry size: 512
 Card Set container configuration: InlinePtr #cards 5 size 8 Array Of Cards #cards 12 size 40 Howl #buckets 4 coarsen threshold 1843 Howl Bitmap #cards 512 size 80 coarsen threshold 460 Card regions per heap region 1 cards per card region 2048
 CPUs: 12 total, 12 available
 Memory: 6005M
 Large Page Support: Disabled
 NUMA Support: Disabled
 Compressed Oops: Enabled (32-bit)
 Heap Region Size: 1M
 Heap Min Capacity: 8M
 Heap Initial Capacity: 94M
 Heap Max Capacity: 1502M
 Pre-touch: Disabled
 Parallel Workers: 10
 Concurrent Workers: 3
 Concurrent Refinement Workers: 10
 Periodic GC: Disabled
Heap:
 garbage-first heap   total 99328K, used 52351K [0x00000000a2200000, 0x0000000100000000)
  region size 1024K, 25 young (25600K), 5 survivors (5120K)
 Metaspace       used 72356K, committed 73280K, reserved 1114112K
  class space    used 10115K, committed 10560K, reserved 1048576K
GC Heap History (20 events):
Event: 1540.474 GC heap after
{Heap after GC invocations=48 (full 11):
 garbage-first heap   total 86016K, used 27694K [0x00000000a2200000, 0x0000000100000000)
  region size 1024K, 0 young (0K), 0 survivors (0K)
 Metaspace       used 70422K, committed 71296K, reserved 1114112K
  class space    used 9904K, committed 10304K, reserved 1048576K
}
Event: 1544.847 GC heap before
{Heap before GC invocations=48 (full 11):
 garbage-first heap   total 86016K, used 70702K [0x00000000a2200000, 0x0000000100000000)
  region size 1024K, 43 young (44032K), 0 survivors (0K)
 Metaspace       used 70553K, committed 71488K, reserved 1114112K
  class space    used 9922K, committed 10368K, reserved 1048576K
}
Event: 1544.864 GC heap after
{Heap after GC invocations=49 (full 11):
 garbage-first heap   total 86016K, used 32305K [0x00000000a2200000, 0x0000000100000000)
  region size 1024K, 5 young (5120K), 5 survivors (5120K)
 Metaspace       used 70553K, committed 71488K, reserved 1114112K
  class space    used 9922K, committed 10368K, reserved 1048576K
}
Event: 1547.473 GC heap before
{Heap before GC invocations=50 (full 11):
 garbage-first heap   total 86016K, used 59953K [0x00000000a2200000, 0x0000000100000000)
  region size 1024K, 33 young (33792K), 5 survivors (5120K)
 Metaspace       used 70731K, committed 71616K, reserved 1114112K
  class space    used 9924K, committed 10368K, reserved 1048576K
}
Event: 1547.566 GC heap after
{Heap after GC invocations=51 (full 12):
 garbage-first heap   total 86016K, used 27468K [0x00000000a2200000, 0x0000000100000000)
  region size 1024K, 0 young (0K), 0 survivors (0K)
 Metaspace       used 70726K, committed 71616K, reserved 1114112K
  class space    used 9923K, committed 10368K, reserved 1048576K
}
Event: 1548.746 GC heap before
{Heap before GC invocations=51 (full 12):
 garbage-first heap   total 86016K, used 69452K [0x00000000a2200000, 0x0000000100000000)
  region size 1024K, 42 young (43008K), 0 survivors (0K)
 Metaspace       used 70877K, committed 71744K, reserved 1114112K
  class space    used 9950K, committed 10368K, reserved 1048576K
}
Event: 1548.756 GC heap after
{Heap after GC invocations=52 (full 12):
 garbage-first heap   total 152576K, used 31983K [0x00000000a2200000, 0x0000000100000000)
  region size 1024K, 5 young (5120K), 5 survivors (5120K)
 Metaspace       used 70877K, committed 71744K, reserved 1114112K
  class space    used 9950K, committed 10368K, reserved 1048576K
}
Event: 1660.083 GC heap before
{Heap before GC invocations=53 (full 12):
 garbage-first heap   total 119808K, used 67823K [0x00000000a2200000, 0x0000000100000000)
  region size 1024K, 41 young (41984K), 5 survivors (5120K)
 Metaspace       used 71160K, committed 72064K, reserved 1114112K
  class space    used 9981K, committed 10432K, reserved 1048576K
}
Event: 1660.980 GC heap after
{Heap after GC invocations=54 (full 13):
 garbage-first heap   total 106496K, used 27814K [0x00000000a2200000, 0x0000000100000000)
  region size 1024K, 0 young (0K), 0 survivors (0K)
 Metaspace       used 71153K, committed 72064K, reserved 1114112K
  class space    used 9980K, committed 10432K, reserved 1048576K
}
Event: 1664.397 GC heap before
{Heap before GC invocations=54 (full 13):
 garbage-first heap   total 106496K, used 83110K [0x00000000a2200000, 0x0000000100000000)
  region size 1024K, 55 young (56320K), 0 survivors (0K)
 Metaspace       used 71465K, committed 72320K, reserved 1114112K
  class space    used 10012K, committed 10432K, reserved 1048576K
}
Event: 1664.414 GC heap after
{Heap after GC invocations=55 (full 13):
 garbage-first heap   total 106496K, used 33496K [0x00000000a2200000, 0x0000000100000000)
  region size 1024K, 6 young (6144K), 6 survivors (6144K)
 Metaspace       used 71465K, committed 72320K, reserved 1114112K
  class space    used 10012K, committed 10432K, reserved 1048576K
}
Event: 1805.495 GC heap before
{Heap before GC invocations=56 (full 13):
 garbage-first heap   total 106496K, used 58072K [0x00000000a2200000, 0x0000000100000000)
  region size 1024K, 31 young (31744K), 6 survivors (6144K)
 Metaspace       used 71554K, committed 72384K, reserved 1114112K
  class space    used 10025K, committed 10432K, reserved 1048576K
}
Event: 1808.665 GC heap after
{Heap after GC invocations=57 (full 14):
 garbage-first heap   total 102400K, used 27765K [0x00000000a2200000, 0x0000000100000000)
  region size 1024K, 0 young (0K), 0 survivors (0K)
 Metaspace       used 71551K, committed 72384K, reserved 1114112K
  class space    used 10024K, committed 10432K, reserved 1048576K
}
Event: 1813.875 GC heap before
{Heap before GC invocations=57 (full 14):
 garbage-first heap   total 102400K, used 81013K [0x00000000a2200000, 0x0000000100000000)
  region size 1024K, 53 young (54272K), 0 survivors (0K)
 Metaspace       used 71806K, committed 72704K, reserved 1114112K
  class space    used 10051K, committed 10496K, reserved 1048576K
}
Event: 1813.892 GC heap after
{Heap after GC invocations=58 (full 14):
 garbage-first heap   total 102400K, used 33460K [0x00000000a2200000, 0x0000000100000000)
  region size 1024K, 6 young (6144K), 6 survivors (6144K)
 Metaspace       used 71806K, committed 72704K, reserved 1114112K
  class space    used 10051K, committed 10496K, reserved 1048576K
}
Event: 1816.022 GC heap before
{Heap before GC invocations=59 (full 14):
 garbage-first heap   total 102400K, used 50868K [0x00000000a2200000, 0x0000000100000000)
  region size 1024K, 24 young (24576K), 6 survivors (6144K)
 Metaspace       used 71953K, committed 72832K, reserved 1114112K
  class space    used 10069K, committed 10496K, reserved 1048576K
}
Event: 1816.115 GC heap after
{Heap after GC invocations=60 (full 15):
 garbage-first heap   total 99328K, used 27775K [0x00000000a2200000, 0x0000000100000000)
  region size 1024K, 0 young (0K), 0 survivors (0K)
 Metaspace       used 71950K, committed 72832K, reserved 1114112K
  class space    used 10069K, committed 10496K, reserved 1048576K
}
Event: 1818.777 GC heap before
{Heap before GC invocations=60 (full 15):
 garbage-first heap   total 99328K, used 79999K [0x00000000a2200000, 0x0000000100000000)
  region size 1024K, 52 young (53248K), 0 survivors (0K)
 Metaspace       used 72215K, committed 73088K, reserved 1114112K
  class space    used 10097K, committed 10496K, reserved 1048576K
}
Event: 1818.788 GC heap after
{Heap after GC invocations=61 (full 15):
 garbage-first heap   total 99328K, used 32895K [0x00000000a2200000, 0x0000000100000000)
  region size 1024K, 5 young (5120K), 5 survivors (5120K)
 Metaspace       used 72215K, committed 73088K, reserved 1114112K
  class space    used 10097K, committed 10496K, reserved 1048576K
}
Event: 1821.336 GC heap before
{Heap before GC invocations=62 (full 15):
 garbage-first heap   total 99328K, used 52351K [0x00000000a2200000, 0x0000000100000000)
  region size 1024K, 25 young (25600K), 5 survivors (5120K)
 Metaspace       used 72356K, committed 73280K, reserved 1114112K
  class space    used 10115K, committed 10560K, reserved 1048576K
}

